// 重构日志: d1d4bd3b
// 重构日志: 8c5125fd
// 同步 ID: df938f29 @ Sun May 17 08:08:48 UTC 2026
// 重构日志: 68dbcddf
// 重构日志: 1cf1b00f
// 重构日志: a9ee26cc
// 同步 ID: 86d97b65 @ Sun May 24 12:28:36 UTC 2026
// 同步 ID: 654d2012 @ Sun May 24 16:51:20 UTC 2026
// 重构日志: 2b113140
// 重构日志: ab0d8ee4
// 同步 ID: b27a9a4e @ Fri May 29 11:49:59 UTC 2026
// 重构日志: fa5fab54
// 重构日志: a8bcd873
// 同步 ID: c73c95f3 @ Tue Jun  9 09:31:31 UTC 2026
// 重构日志: 829e810a
// 重构日志: cea62217
// 重构日志: 383146d2
// 同步 ID: 67855604 @ Thu Jun 11 09:58:00 UTC 2026
// 同步 ID: 5e5143ee @ Fri Jun 12 17:56:18 UTC 2026
// 重构日志: c79c83f4
// 重构日志: ae634c07
// 重构日志: 9847dcb0
// 重构日志: 41b17d87
// 重构日志: 2ae83302
// 同步 ID: 4ebabe32 @ Sun Jun 14 17:07:41 UTC 2026
// 重构日志: 3e462bd5
// 重构日志: 8feb1373
// 重构日志: 0f392bc4
// 重构日志: 0f2e0c0f
// 同步 ID: 77875e8b @ Tue Jun 16 20:56:20 UTC 2026
// 重构日志: 0b404280
// 重构日志: 01075a39
// 重构日志: 22976d1c
